<?xml version="1.0" encoding="UTF-8"?>
<testng-results ignored="0" total="2" passed="2" failed="0" skipped="0">
  <reporter-output>
  </reporter-output>
  <suite started-at="2024-09-17T10:51:48 IST" name="Default suite" finished-at="2024-09-17T10:52:33 IST" duration-ms="45832">
    <groups>
    </groups>
    <test started-at="2024-09-17T10:51:48 IST" name="Default test" finished-at="2024-09-17T10:52:33 IST" duration-ms="45832">
      <class name="testcases.User_001">
        <test-method is-config="true" signature="setup()[pri:0, instance:testcases.User_001@2d901eb0]" started-at="2024-09-17T10:51:48 IST" name="setup" finished-at="2024-09-17T10:52:02 IST" duration-ms="14533" status="PASS">
          <reporter-output>
          </reporter-output>
        </test-method> <!-- setup -->
        <test-method signature="loginTest(java.lang.String,java.lang.String)[pri:0, instance:testcases.User_001@2d901eb0]" started-at="2024-09-17T10:52:02 IST" name="loginTest" data-provider="LoginData" finished-at="2024-09-17T10:52:19 IST" duration-ms="16968" status="PASS">
          <params>
            <param index="0">
              <value>
                <![CDATA[admin]]>
              </value>
            </param>
            <param index="1">
              <value>
                <![CDATA[admin]]>
              </value>
            </param>
          </params>
          <reporter-output>
          </reporter-output>
        </test-method> <!-- loginTest -->
        <test-method signature="loginTest(java.lang.String,java.lang.String)[pri:0, instance:testcases.User_001@2d901eb0]" started-at="2024-09-17T10:52:19 IST" name="loginTest" data-provider="LoginData" finished-at="2024-09-17T10:52:33 IST" duration-ms="14261" status="PASS">
          <params>
            <param index="0">
              <value>
                <![CDATA[test]]>
              </value>
            </param>
            <param index="1">
              <value>
                <![CDATA[admin]]>
              </value>
            </param>
          </params>
          <reporter-output>
          </reporter-output>
        </test-method> <!-- loginTest -->
      </class> <!-- testcases.User_001 -->
    </test> <!-- Default test -->
  </suite> <!-- Default suite -->
</testng-results>
